

*******************************************************************************
Mon Apr  4 23:30:15 2016


FIT:    data read from 'DyVUmbral.dat'
        format = z
        #datapoints = 1250
        residuals are weighted equally (unit weight)

function used for fitting: f(x)
fitted parameters initialized with current variable values



 Iteration 0
 WSSR        : 213653            delta(WSSR)/WSSR   : 0
 delta(WSSR) : 0                 limit for stopping : 1e-05
 lambda	  : 13.0737

initial set of free parameter values

a               = 1

After 4 iterations the fit converged.
final sum of squares of residuals : 1.32439e-11
rel. change during last iteration : -4.8795e-15

degrees of freedom    (FIT_NDF)                        : 1249
rms of residuals      (FIT_STDFIT) = sqrt(WSSR/ndf)    : 1.02974e-07
variance of residuals (reduced chisquare) = WSSR/ndf   : 1.06036e-14

Final set of parameters            Asymptotic Standard Error
=======================            ==========================

a               = 2.613e-08        +/- 2.228e-10    (0.8526%)


correlation matrix of the fit parameters:

               a      
a               1.000 


*******************************************************************************
Mon Apr  4 23:30:27 2016


FIT:    data read from 'FBUmbral.dat'
        format = z
        #datapoints = 1250
        residuals are weighted equally (unit weight)

function used for fitting: g(x)
fitted parameters initialized with current variable values



 Iteration 0
 WSSR        : 0.39614           delta(WSSR)/WSSR   : 0
 delta(WSSR) : 0                 limit for stopping : 1e-05
 lambda	  : 721263

initial set of free parameter values

a               = 2.613e-08

After 3 iterations the fit converged.
final sum of squares of residuals : 0.000402894
rel. change during last iteration : -3.88855e-14

degrees of freedom    (FIT_NDF)                        : 1249
rms of residuals      (FIT_STDFIT) = sqrt(WSSR/ndf)    : 0.000567955
variance of residuals (reduced chisquare) = WSSR/ndf   : 3.22573e-07

Final set of parameters            Asymptotic Standard Error
=======================            ==========================

a               = 1.46085e-09      +/- 2.227e-11    (1.525%)


correlation matrix of the fit parameters:

               a      
a               1.000 
